22:06:30.125 [main] INFO  testCases.TC_002_Login - Clicked on Login
22:06:40.465 [main] ERROR testCases.TC_002_Login - Login Failed 
22:21:01.706 [main] INFO  testCases.TC_002_Login - Launched Chrome Browser
22:21:02.209 [main] INFO  testCases.TC_002_Login - TC_002_Login is started
22:21:07.063 [main] INFO  testCases.TC_002_Login - HomePage Displayed
22:21:07.607 [main] INFO  testCases.TC_002_Login - Clicked on myAccount
22:21:09.178 [main] INFO  testCases.TC_002_Login - Clicked on Login
22:21:09.566 [main] INFO  testCases.TC_002_Login - Provided email
22:21:09.656 [main] INFO  testCases.TC_002_Login - Provided Password
22:21:11.386 [main] INFO  testCases.TC_002_Login - Clicked on Login
22:21:21.588 [main] ERROR testCases.TC_002_Login - Login Failed 
22:24:57.349 [main] INFO  testCases.TC_001_AccountRegistration - Launched Chrome Browser
22:24:57.579 [main] INFO  testCases.TC_001_AccountRegistration - Starting TC_001_AccountRegistration
22:25:07.412 [main] INFO  testCases.TC_001_AccountRegistration - Home Page displayed
22:25:07.506 [main] INFO  testCases.TC_001_AccountRegistration - Clicked on Myaccount
22:25:09.139 [main] INFO  testCases.TC_001_AccountRegistration - Clicked on Register
22:25:09.382 [main] INFO  testCases.TC_001_AccountRegistration - Provided First Name
22:25:09.537 [main] INFO  testCases.TC_001_AccountRegistration - Provided Last Name
22:25:09.699 [main] INFO  testCases.TC_001_AccountRegistration - Provided Email
22:25:09.831 [main] INFO  testCases.TC_001_AccountRegistration - Provided Telephone
22:25:09.924 [main] INFO  testCases.TC_001_AccountRegistration - Provided Password
22:25:10.022 [main] INFO  testCases.TC_001_AccountRegistration - Provided ConfirmPassword
22:25:10.108 [main] INFO  testCases.TC_001_AccountRegistration - Set Privacy Policy
22:25:12.890 [main] INFO  testCases.TC_001_AccountRegistration - Clicked on Continue
22:25:12.982 [main] INFO  testCases.TC_001_AccountRegistration - Account Registration Success
22:25:12.985 [main] INFO  testCases.TC_001_AccountRegistration - Finished TC_001_AccountRegistration
22:25:16.084 [main] INFO  testCases.TC_002_Login - Launched Chrome Browser
22:25:16.235 [main] INFO  testCases.TC_002_Login - TC_002_Login is started
22:25:26.096 [main] INFO  testCases.TC_002_Login - HomePage Displayed
22:25:26.182 [main] INFO  testCases.TC_002_Login - Clicked on myAccount
22:25:27.714 [main] INFO  testCases.TC_002_Login - Clicked on Login
22:25:27.959 [main] INFO  testCases.TC_002_Login - Provided email
22:25:28.059 [main] INFO  testCases.TC_002_Login - Provided Password
22:25:29.767 [main] INFO  testCases.TC_002_Login - Clicked on Login
22:25:40.107 [main] ERROR testCases.TC_002_Login - Login Failed 
22:30:06.860 [main] INFO  testCases.TC_002_Login - Launched Chrome Browser
22:30:07.078 [main] INFO  testCases.TC_002_Login - TC_002_Login is started
22:30:10.694 [main] INFO  testCases.TC_002_Login - HomePage Displayed
22:30:10.808 [main] INFO  testCases.TC_002_Login - Clicked on myAccount
22:30:12.409 [main] INFO  testCases.TC_002_Login - Clicked on Login
22:30:12.877 [main] INFO  testCases.TC_002_Login - Provided email
22:30:13.028 [main] INFO  testCases.TC_002_Login - Provided Password
22:30:14.807 [main] INFO  testCases.TC_002_Login - Clicked on Login
22:30:24.900 [main] ERROR testCases.TC_002_Login - Login Failed 
22:31:40.089 [main] INFO  testCases.TC_002_Login - Launched Edge Browser
22:31:40.595 [main] INFO  testCases.TC_002_Login - TC_002_Login is started
22:31:47.664 [main] INFO  testCases.TC_002_Login - HomePage Displayed
22:31:49.276 [main] INFO  testCases.TC_002_Login - Clicked on myAccount
22:31:51.007 [main] INFO  testCases.TC_002_Login - Clicked on Login
22:31:51.736 [main] INFO  testCases.TC_002_Login - Provided email
22:31:51.907 [main] INFO  testCases.TC_002_Login - Provided Password
22:31:53.878 [main] INFO  testCases.TC_002_Login - Clicked on Login
22:32:04.480 [main] ERROR testCases.TC_002_Login - Login Failed 
22:34:28.490 [main] INFO  testCases.TC_002_Login - Launched Chrome Browser
22:34:29.321 [main] INFO  testCases.TC_002_Login - TC_002_Login is started
22:34:33.948 [main] INFO  testCases.TC_002_Login - HomePage Displayed
22:34:34.517 [main] INFO  testCases.TC_002_Login - Clicked on myAccount
22:34:36.144 [main] INFO  testCases.TC_002_Login - Clicked on Login
22:34:36.477 [main] INFO  testCases.TC_002_Login - Provided email
22:34:36.647 [main] INFO  testCases.TC_002_Login - Provided Password
22:34:38.376 [main] INFO  testCases.TC_002_Login - Clicked on Login
22:34:48.760 [main] ERROR testCases.TC_002_Login - Login Failed 
09:10:11.078 [main] INFO  testCases.TC_002_Login - Launched Chrome Browser
09:10:11.374 [main] INFO  testCases.TC_002_Login - TC_002_Login is started
09:10:16.105 [main] INFO  testCases.TC_002_Login - HomePage Displayed
09:10:16.880 [main] INFO  testCases.TC_002_Login - Clicked on myAccount
09:10:18.410 [main] INFO  testCases.TC_002_Login - Clicked on Login
09:10:19.968 [main] INFO  testCases.TC_002_Login - Provided email
09:10:20.361 [main] INFO  testCases.TC_002_Login - Provided Password
09:10:22.322 [main] INFO  testCases.TC_002_Login - Clicked on Login
09:10:32.460 [main] ERROR testCases.TC_002_Login - Login Failed 
09:19:22.241 [main] INFO  testCases.TC_002_Login - Launched Chrome Browser
09:19:22.657 [main] INFO  testCases.TC_002_Login - TC_002_Login is started
09:19:26.466 [main] INFO  testCases.TC_002_Login - HomePage Displayed
09:19:27.560 [main] INFO  testCases.TC_002_Login - Clicked on myAccount
09:19:29.139 [main] INFO  testCases.TC_002_Login - Clicked on Login
09:19:29.609 [main] INFO  testCases.TC_002_Login - Provided email
09:19:29.761 [main] INFO  testCases.TC_002_Login - Provided Password
09:19:31.448 [main] INFO  testCases.TC_002_Login - Clicked on Login
09:19:41.663 [main] ERROR testCases.TC_002_Login - Login Failed 
09:25:02.064 [main] INFO  testCases.TC_002_Login - Launched Chrome Browser
09:25:02.536 [main] INFO  testCases.TC_002_Login - TC_002_Login is started
09:25:09.477 [main] INFO  testCases.TC_002_Login - HomePage Displayed
09:25:09.585 [main] INFO  testCases.TC_002_Login - Clicked on myAccount
09:25:11.009 [main] INFO  testCases.TC_002_Login - Clicked on Login
09:25:11.155 [main] INFO  testCases.TC_002_Login - Provided email
09:25:11.241 [main] INFO  testCases.TC_002_Login - Provided Password
09:25:12.775 [main] INFO  testCases.TC_002_Login - Clicked on Login
09:27:35.043 [main] INFO  testCases.TC_002_Login - Launched Chrome Browser
09:27:35.285 [main] INFO  testCases.TC_002_Login - TC_002_Login is started
09:27:42.249 [main] INFO  testCases.TC_002_Login - HomePage Displayed
09:27:42.386 [main] INFO  testCases.TC_002_Login - Clicked on myAccount
09:27:43.780 [main] INFO  testCases.TC_002_Login - Clicked on Login
09:27:43.924 [main] INFO  testCases.TC_002_Login - Provided email
09:27:44.050 [main] INFO  testCases.TC_002_Login - Provided Password
09:27:50.977 [main] INFO  testCases.TC_002_Login - Clicked on Login
09:49:16.663 [main] INFO  testCases.TC_002_Login - Launched Chrome Browser
09:49:16.944 [main] INFO  testCases.TC_002_Login - TC_002_Login is started
09:49:24.703 [main] INFO  testCases.TC_002_Login - HomePage Displayed
09:49:25.545 [main] INFO  testCases.TC_002_Login - Clicked on myAccount
09:49:27.019 [main] INFO  testCases.TC_002_Login - Clicked on Login
09:49:27.585 [main] INFO  testCases.TC_002_Login - Provided email
09:49:27.707 [main] INFO  testCases.TC_002_Login - Provided Password
09:49:35.080 [main] INFO  testCases.TC_002_Login - Clicked on Login
09:49:45.207 [main] ERROR testCases.TC_002_Login - Login Failed
09:52:01.372 [main] INFO  testCases.TC_002_Login - Launched Chrome Browser
09:52:01.547 [main] INFO  testCases.TC_002_Login - TC_002_Login is started
09:52:07.522 [main] INFO  testCases.TC_002_Login - HomePage Displayed
09:52:07.624 [main] INFO  testCases.TC_002_Login - Clicked on myAccount
09:52:09.026 [main] INFO  testCases.TC_002_Login - Clicked on Login
09:52:09.154 [main] INFO  testCases.TC_002_Login - Provided email
09:52:09.246 [main] INFO  testCases.TC_002_Login - Provided Password
09:52:15.852 [main] INFO  testCases.TC_002_Login - Clicked on Login
09:52:25.923 [main] INFO  testCases.TC_002_Login - Login Failed
10:02:02.880 [main] INFO  testCases.TC_002_Login - Launched Chrome Browser
10:02:03.127 [main] INFO  testCases.TC_002_Login - TC_002_Login is started
10:02:06.427 [main] INFO  testCases.TC_002_Login - HomePage Displayed
10:02:06.527 [main] INFO  testCases.TC_002_Login - Clicked on myAccount
10:02:07.842 [main] INFO  testCases.TC_002_Login - Clicked on Login
10:02:08.000 [main] INFO  testCases.TC_002_Login - Provided email
10:02:08.138 [main] INFO  testCases.TC_002_Login - Provided Password
10:02:14.861 [main] INFO  testCases.TC_002_Login - Clicked on Login
10:02:24.924 [main] ERROR testCases.TC_002_Login - Login Failed
11:16:19.372 [main] INFO  testCases.TC_002_Login - Launched Chrome Browser
11:16:19.778 [main] INFO  testCases.TC_002_Login - TC_002_Login is started
11:16:25.415 [main] INFO  testCases.TC_002_Login - HomePage Displayed
11:16:25.890 [main] INFO  testCases.TC_002_Login - Clicked on myAccount
11:16:27.480 [main] INFO  testCases.TC_002_Login - Clicked on Login
11:16:28.453 [main] INFO  testCases.TC_002_Login - Provided email
11:16:28.699 [main] INFO  testCases.TC_002_Login - Provided Password
11:16:35.643 [main] INFO  testCases.TC_002_Login - Clicked on Login
11:16:45.952 [main] ERROR testCases.TC_002_Login - Login Failed
11:27:34.762 [main] INFO  testCases.TC_002_Login - Launched Chrome Browser
11:27:35.136 [main] INFO  testCases.TC_002_Login - TC_002_Login is started
11:27:38.925 [main] INFO  testCases.TC_002_Login - HomePage Displayed
11:27:39.620 [main] INFO  testCases.TC_002_Login - Clicked on myAccount
11:27:41.091 [main] INFO  testCases.TC_002_Login - Clicked on Login
11:27:41.581 [main] INFO  testCases.TC_002_Login - Provided email
11:27:41.817 [main] INFO  testCases.TC_002_Login - Provided Password
11:27:50.355 [main] INFO  testCases.TC_002_Login - Clicked on Login
11:28:00.661 [main] ERROR testCases.TC_002_Login - Login Failed
11:34:08.176 [main] INFO  testCases.TC_002_Login - Launched Chrome Browser
11:34:08.503 [main] INFO  testCases.TC_002_Login - TC_002_Login is started
11:34:11.924 [main] INFO  testCases.TC_002_Login - HomePage Displayed
11:34:12.391 [main] INFO  testCases.TC_002_Login - Clicked on myAccount
11:34:13.830 [main] INFO  testCases.TC_002_Login - Clicked on Login
11:34:14.333 [main] INFO  testCases.TC_002_Login - Provided email
11:34:14.440 [main] INFO  testCases.TC_002_Login - Provided Password
11:34:21.082 [main] INFO  testCases.TC_002_Login - Clicked on Login
11:34:31.258 [main] ERROR testCases.TC_002_Login - Login Failed
11:34:31.790 [main] FATAL testCases.TC_002_Login - Login Failed
11:34:31.790 [main] INFO  testCases.TC_002_Login - Finished TC_002_Login
11:38:21.989 [main] INFO  testCases.TC_002_Login - Launched Chrome Browser
11:38:22.984 [main] INFO  testCases.TC_002_Login - TC_002_Login is started
11:38:29.282 [main] INFO  testCases.TC_002_Login - HomePage Displayed
11:38:30.849 [main] INFO  testCases.TC_002_Login - Clicked on myAccount
11:38:32.706 [main] INFO  testCases.TC_002_Login - Clicked on Login
11:38:33.924 [main] INFO  testCases.TC_002_Login - Provided email
11:38:34.182 [main] INFO  testCases.TC_002_Login - Provided Password
11:38:41.153 [main] INFO  testCases.TC_002_Login - Clicked on Login
11:38:51.756 [main] ERROR testCases.TC_002_Login - Login Failed
11:38:54.262 [main] FATAL testCases.TC_002_Login - Login Failed
11:38:54.262 [main] INFO  testCases.TC_002_Login - Finished TC_002_Login
11:48:40.599 [main] INFO  testCases.TC_002_Login - Launched Chrome Browser
11:48:40.815 [main] INFO  testCases.TC_002_Login - TC_002_Login is started
11:48:48.954 [main] INFO  testCases.TC_002_Login - HomePage Displayed
11:48:49.114 [main] INFO  testCases.TC_002_Login - Clicked on myAccount
11:48:50.915 [main] INFO  testCases.TC_002_Login - Clicked on Login
11:48:51.867 [main] INFO  testCases.TC_002_Login - Provided email
11:48:52.035 [main] INFO  testCases.TC_002_Login - Provided Password
11:48:58.692 [main] INFO  testCases.TC_002_Login - Clicked on Login
11:49:13.829 [main] ERROR testCases.TC_002_Login - Login Failed
11:50:36.993 [main] INFO  testCases.TC_002_Login - Launched Chrome Browser
11:50:37.162 [main] INFO  testCases.TC_002_Login - TC_002_Login is started
11:50:41.317 [main] INFO  testCases.TC_002_Login - HomePage Displayed
11:50:41.443 [main] INFO  testCases.TC_002_Login - Clicked on myAccount
11:50:42.756 [main] INFO  testCases.TC_002_Login - Clicked on Login
11:50:42.912 [main] INFO  testCases.TC_002_Login - Provided email
11:50:43.023 [main] INFO  testCases.TC_002_Login - Provided Password
11:50:44.581 [main] INFO  testCases.TC_002_Login - Clicked on Login
11:50:59.838 [main] ERROR testCases.TC_002_Login - Login Failed
11:52:03.009 [main] INFO  testCases.TC_002_Login - Launched Chrome Browser
11:52:03.192 [main] INFO  testCases.TC_002_Login - TC_002_Login is started
11:52:08.939 [main] INFO  testCases.TC_002_Login - HomePage Displayed
11:52:09.126 [main] INFO  testCases.TC_002_Login - Clicked on myAccount
11:52:10.510 [main] INFO  testCases.TC_002_Login - Clicked on Login
11:52:10.666 [main] INFO  testCases.TC_002_Login - Provided email
11:52:10.803 [main] INFO  testCases.TC_002_Login - Provided Password
11:52:12.370 [main] INFO  testCases.TC_002_Login - Clicked on Login
11:52:22.419 [main] ERROR testCases.TC_002_Login - Login Failed
12:06:12.677 [main] INFO  testCases.TC_002_Login - Launched Chrome Browser
12:06:13.161 [main] INFO  testCases.TC_002_Login - TC_002_Login is started
12:06:18.679 [main] INFO  testCases.TC_002_Login - HomePage Displayed
12:06:19.559 [main] INFO  testCases.TC_002_Login - Clicked on myAccount
12:06:21.205 [main] INFO  testCases.TC_002_Login - Clicked on Login
12:06:21.735 [main] INFO  testCases.TC_002_Login - Provided email
12:06:22.047 [main] INFO  testCases.TC_002_Login - Provided Password
12:06:24.109 [main] INFO  testCases.TC_002_Login - Clicked on Login
12:06:39.353 [main] ERROR testCases.TC_002_Login - Login Failed
12:07:36.009 [main] INFO  testCases.TC_002_Login - Launched Chrome Browser
12:07:36.894 [main] INFO  testCases.TC_002_Login - TC_002_Login is started
12:07:41.675 [main] INFO  testCases.TC_002_Login - HomePage Displayed
12:07:42.285 [main] INFO  testCases.TC_002_Login - Clicked on myAccount
12:07:43.765 [main] INFO  testCases.TC_002_Login - Clicked on Login
12:07:44.096 [main] INFO  testCases.TC_002_Login - Provided email
12:07:44.210 [main] INFO  testCases.TC_002_Login - Provided Password
12:07:46.968 [main] INFO  testCases.TC_002_Login - Clicked on Login
12:07:52.173 [main] INFO  testCases.TC_002_Login - Login Success
12:07:52.233 [main] INFO  testCases.TC_002_Login - Finished TC_002_Login
17:51:45.086 [main] INFO  testCases.TC_003_LoginDDT - Launched Chrome Browser
17:51:53.508 [main] INFO  testCases.TC_003_LoginDDT - Starting TC_003_LoginDDT
17:51:58.378 [main] INFO  testCases.TC_003_LoginDDT - HomePage Displayed
17:51:58.802 [main] INFO  testCases.TC_003_LoginDDT - Clicked on MyAccount
17:52:00.367 [main] INFO  testCases.TC_003_LoginDDT - Clicked on Login
17:52:00.715 [main] INFO  testCases.TC_003_LoginDDT - Provided email
17:52:00.802 [main] INFO  testCases.TC_003_LoginDDT - Provided Password
17:52:03.993 [main] INFO  testCases.TC_003_LoginDDT - clicked on login
17:52:04.129 [main] INFO  testCases.TC_003_LoginDDT - Login is successful
17:52:06.692 [main] INFO  testCases.TC_003_LoginDDT -  Finished TC_003_LoginDDT 
17:52:07.051 [main] INFO  testCases.TC_003_LoginDDT - Starting TC_003_LoginDDT
17:52:08.429 [main] INFO  testCases.TC_003_LoginDDT - HomePage Displayed
17:52:08.527 [main] INFO  testCases.TC_003_LoginDDT - Clicked on MyAccount
17:52:10.072 [main] INFO  testCases.TC_003_LoginDDT - Clicked on Login
17:52:10.258 [main] INFO  testCases.TC_003_LoginDDT - Provided email
17:52:10.355 [main] INFO  testCases.TC_003_LoginDDT - Provided Password
17:52:12.024 [main] INFO  testCases.TC_003_LoginDDT - clicked on login
17:52:22.203 [main] ERROR testCases.TC_003_LoginDDT - Login is Failed
17:52:22.203 [main] INFO  testCases.TC_003_LoginDDT -  Finished TC_003_LoginDDT 
17:52:22.207 [main] INFO  testCases.TC_003_LoginDDT - Starting TC_003_LoginDDT
17:52:23.953 [main] INFO  testCases.TC_003_LoginDDT - HomePage Displayed
17:52:24.034 [main] INFO  testCases.TC_003_LoginDDT - Clicked on MyAccount
17:52:25.453 [main] INFO  testCases.TC_003_LoginDDT - Clicked on Login
17:52:25.583 [main] INFO  testCases.TC_003_LoginDDT - Provided email
17:52:25.715 [main] INFO  testCases.TC_003_LoginDDT - Provided Password
17:52:27.306 [main] INFO  testCases.TC_003_LoginDDT - clicked on login
17:52:37.331 [main] ERROR testCases.TC_003_LoginDDT - Login is Failed
17:52:37.331 [main] INFO  testCases.TC_003_LoginDDT -  Finished TC_003_LoginDDT 
17:52:37.335 [main] INFO  testCases.TC_003_LoginDDT - Starting TC_003_LoginDDT
17:52:38.934 [main] INFO  testCases.TC_003_LoginDDT - HomePage Displayed
17:52:39.098 [main] INFO  testCases.TC_003_LoginDDT - Clicked on MyAccount
17:52:40.498 [main] INFO  testCases.TC_003_LoginDDT - Clicked on Login
17:52:40.637 [main] INFO  testCases.TC_003_LoginDDT - Provided email
17:52:40.731 [main] INFO  testCases.TC_003_LoginDDT - Provided Password
17:52:42.420 [main] INFO  testCases.TC_003_LoginDDT - clicked on login
17:52:52.469 [main] ERROR testCases.TC_003_LoginDDT - Login is Failed
17:52:52.469 [main] INFO  testCases.TC_003_LoginDDT -  Finished TC_003_LoginDDT 
17:17:27.410 [main] INFO  testCases.TC_001_AccountRegistration - Launched Chrome Browser
17:17:27.745 [main] INFO  testCases.TC_001_AccountRegistration - Starting TC_001_AccountRegistration
17:17:31.721 [main] INFO  testCases.TC_001_AccountRegistration - Home Page displayed
17:17:32.212 [main] INFO  testCases.TC_001_AccountRegistration - Clicked on Myaccount
17:17:33.858 [main] INFO  testCases.TC_001_AccountRegistration - Clicked on Register
17:17:34.053 [main] INFO  testCases.TC_001_AccountRegistration - Provided First Name
17:17:34.159 [main] INFO  testCases.TC_001_AccountRegistration - Provided Last Name
17:17:34.320 [main] INFO  testCases.TC_001_AccountRegistration - Provided Email
17:17:34.431 [main] INFO  testCases.TC_001_AccountRegistration - Provided Telephone
17:17:34.509 [main] INFO  testCases.TC_001_AccountRegistration - Provided Password
17:17:34.584 [main] INFO  testCases.TC_001_AccountRegistration - Provided ConfirmPassword
17:17:34.644 [main] INFO  testCases.TC_001_AccountRegistration - Set Privacy Policy
17:17:37.622 [main] INFO  testCases.TC_001_AccountRegistration - Clicked on Continue
17:17:37.767 [main] INFO  testCases.TC_001_AccountRegistration - Account Registration Success
17:17:37.844 [main] INFO  testCases.TC_001_AccountRegistration - Finished TC_001_AccountRegistration
17:17:42.291 [main] INFO  testCases.TC_002_Login - Launched Chrome Browser
17:17:42.437 [main] INFO  testCases.TC_002_Login - TC_002_Login is started
17:17:46.547 [main] INFO  testCases.TC_002_Login - HomePage Displayed
17:17:46.624 [main] INFO  testCases.TC_002_Login - Clicked on myAccount
17:17:47.954 [main] INFO  testCases.TC_002_Login - Clicked on Login
17:17:48.181 [main] INFO  testCases.TC_002_Login - Provided email
17:17:48.319 [main] INFO  testCases.TC_002_Login - Provided Password
17:17:50.873 [main] INFO  testCases.TC_002_Login - Clicked on Login
17:17:56.083 [main] INFO  testCases.TC_002_Login - Login Success
17:17:56.084 [main] INFO  testCases.TC_002_Login - Finished TC_002_Login
20:37:38.698 [main] INFO  testCases.TC_001_AccountRegistration - Launched Chrome Browser
20:37:39.010 [main] INFO  testCases.TC_001_AccountRegistration - Starting TC_001_AccountRegistration
20:37:46.461 [main] INFO  testCases.TC_001_AccountRegistration - Home Page displayed
20:37:47.348 [main] INFO  testCases.TC_001_AccountRegistration - Clicked on Myaccount
20:37:50.379 [main] INFO  testCases.TC_001_AccountRegistration - Clicked on Register
20:37:52.782 [main] INFO  testCases.TC_001_AccountRegistration - Provided First Name
20:37:53.058 [main] INFO  testCases.TC_001_AccountRegistration - Provided Last Name
20:37:53.194 [main] INFO  testCases.TC_001_AccountRegistration - Provided Email
20:37:53.294 [main] INFO  testCases.TC_001_AccountRegistration - Provided Telephone
20:37:53.390 [main] INFO  testCases.TC_001_AccountRegistration - Provided Password
20:37:53.666 [main] INFO  testCases.TC_001_AccountRegistration - Provided ConfirmPassword
20:37:53.825 [main] INFO  testCases.TC_001_AccountRegistration - Set Privacy Policy
20:37:56.895 [main] INFO  testCases.TC_001_AccountRegistration - Clicked on Continue
20:37:57.133 [main] INFO  testCases.TC_001_AccountRegistration - Account Registration Success
20:37:57.293 [main] INFO  testCases.TC_001_AccountRegistration - Finished TC_001_AccountRegistration
20:38:04.881 [main] INFO  testCases.TC_002_Login - Launched Chrome Browser
20:38:05.035 [main] INFO  testCases.TC_002_Login - TC_002_Login is started
20:38:10.679 [main] INFO  testCases.TC_002_Login - HomePage Displayed
20:38:10.762 [main] INFO  testCases.TC_002_Login - Clicked on myAccount
20:38:12.119 [main] INFO  testCases.TC_002_Login - Clicked on Login
20:38:12.450 [main] INFO  testCases.TC_002_Login - Provided email
20:38:12.604 [main] INFO  testCases.TC_002_Login - Provided Password
20:38:15.627 [main] INFO  testCases.TC_002_Login - Clicked on Login
20:38:21.048 [main] INFO  testCases.TC_002_Login - Login Success
20:38:21.048 [main] INFO  testCases.TC_002_Login - Finished TC_002_Login
20:40:33.595 [main] INFO  testCases.TC_001_AccountRegistration - Launched Chrome Browser
20:40:33.803 [main] INFO  testCases.TC_001_AccountRegistration - Starting TC_001_AccountRegistration
20:40:40.923 [main] INFO  testCases.TC_001_AccountRegistration - Home Page displayed
20:40:41.156 [main] INFO  testCases.TC_001_AccountRegistration - Clicked on Myaccount
20:40:42.776 [main] INFO  testCases.TC_001_AccountRegistration - Clicked on Register
20:40:42.937 [main] INFO  testCases.TC_001_AccountRegistration - Provided First Name
20:40:43.213 [main] INFO  testCases.TC_001_AccountRegistration - Provided Last Name
20:40:43.328 [main] INFO  testCases.TC_001_AccountRegistration - Provided Email
20:40:43.416 [main] INFO  testCases.TC_001_AccountRegistration - Provided Telephone
20:40:43.497 [main] INFO  testCases.TC_001_AccountRegistration - Provided Password
20:40:43.601 [main] INFO  testCases.TC_001_AccountRegistration - Provided ConfirmPassword
20:40:43.676 [main] INFO  testCases.TC_001_AccountRegistration - Set Privacy Policy
20:40:46.162 [main] INFO  testCases.TC_001_AccountRegistration - Clicked on Continue
20:40:46.259 [main] INFO  testCases.TC_001_AccountRegistration - Account Registration Success
20:40:46.288 [main] INFO  testCases.TC_001_AccountRegistration - Finished TC_001_AccountRegistration
20:40:49.968 [main] INFO  testCases.TC_002_Login - Launched Chrome Browser
20:40:50.172 [main] INFO  testCases.TC_002_Login - TC_002_Login is started
20:40:54.887 [main] INFO  testCases.TC_002_Login - HomePage Displayed
20:40:54.966 [main] INFO  testCases.TC_002_Login - Clicked on myAccount
20:40:56.298 [main] INFO  testCases.TC_002_Login - Clicked on Login
20:40:56.464 [main] INFO  testCases.TC_002_Login - Provided email
20:40:56.584 [main] INFO  testCases.TC_002_Login - Provided Password
20:40:59.353 [main] INFO  testCases.TC_002_Login - Clicked on Login
20:41:04.411 [main] INFO  testCases.TC_002_Login - Login Success
20:41:04.412 [main] INFO  testCases.TC_002_Login - Finished TC_002_Login
12:51:59.760 [main] INFO  testCases.TC_001_AccountRegistration - Launched Chrome Browser
12:52:00.144 [main] INFO  testCases.TC_001_AccountRegistration - Starting TC_001_AccountRegistration
12:52:05.735 [main] INFO  testCases.TC_001_AccountRegistration - Home Page displayed
12:52:06.235 [main] INFO  testCases.TC_001_AccountRegistration - Clicked on Myaccount
12:52:08.223 [main] INFO  testCases.TC_001_AccountRegistration - Clicked on Register
12:52:08.674 [main] INFO  testCases.TC_001_AccountRegistration - Provided First Name
12:52:08.779 [main] INFO  testCases.TC_001_AccountRegistration - Provided Last Name
12:52:08.915 [main] INFO  testCases.TC_001_AccountRegistration - Provided Email
12:52:09.021 [main] INFO  testCases.TC_001_AccountRegistration - Provided Telephone
12:52:09.140 [main] INFO  testCases.TC_001_AccountRegistration - Provided Password
12:52:09.390 [main] INFO  testCases.TC_001_AccountRegistration - Provided ConfirmPassword
12:52:09.459 [main] INFO  testCases.TC_001_AccountRegistration - Set Privacy Policy
12:52:12.286 [main] INFO  testCases.TC_001_AccountRegistration - Clicked on Continue
12:52:12.346 [main] INFO  testCases.TC_001_AccountRegistration - Account Registration Success
12:52:12.377 [main] INFO  testCases.TC_001_AccountRegistration - Finished TC_001_AccountRegistration
12:52:17.923 [main] INFO  testCases.TC_002_Login - Launched Chrome Browser
12:52:18.056 [main] INFO  testCases.TC_002_Login - TC_002_Login is started
12:52:24.164 [main] INFO  testCases.TC_002_Login - HomePage Displayed
12:52:24.472 [main] INFO  testCases.TC_002_Login - Clicked on myAccount
12:52:25.959 [main] INFO  testCases.TC_002_Login - Clicked on Login
12:52:26.417 [main] INFO  testCases.TC_002_Login - Provided email
12:52:26.520 [main] INFO  testCases.TC_002_Login - Provided Password
12:52:29.286 [main] INFO  testCases.TC_002_Login - Clicked on Login
12:52:34.413 [main] INFO  testCases.TC_002_Login - Login Success
12:52:34.413 [main] INFO  testCases.TC_002_Login - Finished TC_002_Login
13:15:37.543 [main] INFO  testCases.TC_001_AccountRegistration - Launched Chrome Browser
13:15:37.841 [main] INFO  testCases.TC_001_AccountRegistration - Starting TC_001_AccountRegistration
13:15:43.488 [main] INFO  testCases.TC_001_AccountRegistration - Home Page displayed
13:15:45.257 [main] INFO  testCases.TC_001_AccountRegistration - Clicked on Myaccount
13:15:48.992 [main] INFO  testCases.TC_001_AccountRegistration - Clicked on Register
13:15:50.464 [main] INFO  testCases.TC_001_AccountRegistration - Provided First Name
13:15:50.640 [main] INFO  testCases.TC_001_AccountRegistration - Provided Last Name
13:15:50.779 [main] INFO  testCases.TC_001_AccountRegistration - Provided Email
13:15:51.075 [main] INFO  testCases.TC_001_AccountRegistration - Provided Telephone
13:15:51.207 [main] INFO  testCases.TC_001_AccountRegistration - Provided Password
13:15:51.734 [main] INFO  testCases.TC_001_AccountRegistration - Provided ConfirmPassword
13:15:51.863 [main] INFO  testCases.TC_001_AccountRegistration - Set Privacy Policy
13:15:55.329 [main] INFO  testCases.TC_001_AccountRegistration - Clicked on Continue
13:15:55.976 [main] INFO  testCases.TC_001_AccountRegistration - Account Registration Success
13:15:56.004 [main] INFO  testCases.TC_001_AccountRegistration - Finished TC_001_AccountRegistration
13:16:01.928 [main] INFO  testCases.TC_002_Login - Launched Chrome Browser
13:16:02.068 [main] INFO  testCases.TC_002_Login - TC_002_Login is started
13:16:06.756 [main] INFO  testCases.TC_002_Login - HomePage Displayed
13:16:06.866 [main] INFO  testCases.TC_002_Login - Clicked on myAccount
13:16:08.312 [main] INFO  testCases.TC_002_Login - Clicked on Login
13:16:08.509 [main] INFO  testCases.TC_002_Login - Provided email
13:16:08.655 [main] INFO  testCases.TC_002_Login - Provided Password
13:16:11.210 [main] INFO  testCases.TC_002_Login - Clicked on Login
13:16:16.437 [main] INFO  testCases.TC_002_Login - Login Success
13:16:16.437 [main] INFO  testCases.TC_002_Login - Finished TC_002_Login
12:09:11.266 [main] INFO  testCases.TC_001_AccountRegistration - Launched Chrome Browser
12:09:11.982 [main] INFO  testCases.TC_001_AccountRegistration - Starting TC_001_AccountRegistration
12:09:21.634 [main] INFO  testCases.TC_001_AccountRegistration - Home Page displayed
12:09:23.562 [main] INFO  testCases.TC_001_AccountRegistration - Clicked on Myaccount
12:09:27.636 [main] INFO  testCases.TC_001_AccountRegistration - Clicked on Register
12:09:29.840 [main] INFO  testCases.TC_001_AccountRegistration - Provided First Name
12:09:29.973 [main] INFO  testCases.TC_001_AccountRegistration - Provided Last Name
12:09:30.186 [main] INFO  testCases.TC_001_AccountRegistration - Provided Email
12:09:30.310 [main] INFO  testCases.TC_001_AccountRegistration - Provided Telephone
12:09:30.610 [main] INFO  testCases.TC_001_AccountRegistration - Provided Password
12:09:30.830 [main] INFO  testCases.TC_001_AccountRegistration - Provided ConfirmPassword
12:09:31.011 [main] INFO  testCases.TC_001_AccountRegistration - Set Privacy Policy
12:09:34.207 [main] INFO  testCases.TC_001_AccountRegistration - Clicked on Continue
12:09:34.426 [main] INFO  testCases.TC_001_AccountRegistration - Account Registration Success
12:09:34.433 [main] INFO  testCases.TC_001_AccountRegistration - Finished TC_001_AccountRegistration
12:09:55.113 [main] INFO  testCases.TC_002_Login - Launched Chrome Browser
12:09:56.002 [main] INFO  testCases.TC_002_Login - TC_002_Login is started
12:10:13.973 [main] INFO  testCases.TC_002_Login - HomePage Displayed
12:10:16.820 [main] INFO  testCases.TC_002_Login - Clicked on myAccount
12:10:19.170 [main] INFO  testCases.TC_002_Login - Clicked on Login
12:10:20.729 [main] INFO  testCases.TC_002_Login - Provided email
12:10:20.976 [main] INFO  testCases.TC_002_Login - Provided Password
12:10:23.743 [main] INFO  testCases.TC_002_Login - Clicked on Login
12:10:29.044 [main] INFO  testCases.TC_002_Login - Login Success
12:10:29.045 [main] INFO  testCases.TC_002_Login - Finished TC_002_Login
16:02:50.331 [main] INFO  testCases.TC_004_Search - Launched Chrome Browser
16:02:50.731 [main] INFO  testCases.TC_004_Search - TC_004_Search Started
16:02:56.240 [main] INFO  testCases.TC_004_Search - HomePage is Displayed
16:02:58.677 [main] INFO  testCases.TC_004_Search - Enter any Product
16:03:12.652 [main] ERROR testCases.TC_004_Search - search is failed
16:10:55.566 [main] INFO  testCases.TC_004_Search - Launched Chrome Browser
16:10:56.279 [main] INFO  testCases.TC_004_Search - TC_004_Search Started
16:11:07.293 [main] INFO  testCases.TC_004_Search - HomePage is Displayed
16:11:09.976 [main] INFO  testCases.TC_004_Search - Enter any Product
16:11:25.847 [main] ERROR testCases.TC_004_Search - search is failed
16:43:24.268 [main] INFO  testCases.TC_004_Search - Launched Chrome Browser
16:43:24.907 [main] INFO  testCases.TC_004_Search - TC_004_Search Started
16:43:32.064 [main] INFO  testCases.TC_004_Search - HomePage is Displayed
16:43:34.444 [main] INFO  testCases.TC_004_Search - Enter any Product
16:43:49.150 [main] ERROR testCases.TC_004_Search - search is failed
16:47:16.582 [main] INFO  testCases.TC_004_Search - Launched Chrome Browser
16:47:16.817 [main] INFO  testCases.TC_004_Search - TC_004_Search Started
16:47:21.420 [main] INFO  testCases.TC_004_Search - HomePage is Displayed
16:47:23.984 [main] INFO  testCases.TC_004_Search - Enter any Product
16:47:28.719 [main] INFO  testCases.TC_004_Search - search is successful
16:47:28.723 [main] INFO  testCases.TC_004_Search - Finished TC_004Search
16:55:30.829 [main] INFO  testCases.TC_004_Search - Launched Chrome Browser
16:55:31.005 [main] INFO  testCases.TC_004_Search - TC_004_Search Started
16:55:41.311 [main] INFO  testCases.TC_004_Search - HomePage is Displayed
16:55:43.433 [main] INFO  testCases.TC_004_Search - Enter any Product
16:55:46.960 [main] INFO  testCases.TC_004_Search - search is successful
16:55:46.963 [main] INFO  testCases.TC_004_Search - Finished TC_004Search
17:02:11.454 [main] INFO  testCases.TC_004_Search - Launched Chrome Browser
17:02:11.634 [main] INFO  testCases.TC_004_Search - TC_004_Search Started
17:02:17.726 [main] INFO  testCases.TC_004_Search - HomePage is Displayed
17:02:19.844 [main] INFO  testCases.TC_004_Search - Enter any Product
17:02:22.351 [main] INFO  testCases.TC_004_Search - search is failed
17:05:52.941 [main] INFO  testCases.TC_004_Search - Launched Chrome Browser
17:05:53.317 [main] INFO  testCases.TC_004_Search - TC_004_Search Started
17:05:56.964 [main] INFO  testCases.TC_004_Search - HomePage is Displayed
17:05:59.268 [main] INFO  testCases.TC_004_Search - Enter any Product
17:06:02.033 [main] INFO  testCases.TC_004_Search - search is failed
17:09:27.446 [main] INFO  testCases.TC_004_Search - Launched Chrome Browser
17:09:27.619 [main] INFO  testCases.TC_004_Search - TC_004_Search Started
17:09:33.299 [main] INFO  testCases.TC_004_Search - HomePage is Displayed
17:09:35.407 [main] INFO  testCases.TC_004_Search - Enter any Product
17:09:37.975 [main] INFO  testCases.TC_004_Search - search is failed
17:09:37.978 [main] INFO  testCases.TC_004_Search - Finished TC_004Search
17:12:54.560 [main] INFO  testCases.TC_004_Search - Launched Chrome Browser
17:12:54.779 [main] INFO  testCases.TC_004_Search - TC_004_Search Started
17:12:58.601 [main] INFO  testCases.TC_004_Search - HomePage is Displayed
17:13:00.707 [main] INFO  testCases.TC_004_Search - Enter any Product
17:13:03.279 [main] INFO  testCases.TC_004_Search - search is failed
17:17:12.905 [main] INFO  testCases.TC_004_Search - Launched Chrome Browser
17:17:13.079 [main] INFO  testCases.TC_004_Search - TC_004_Search Started
17:17:18.065 [main] INFO  testCases.TC_004_Search - HomePage is Displayed
17:17:20.225 [main] INFO  testCases.TC_004_Search - Enter any Product
17:17:22.685 [main] INFO  testCases.TC_004_Search - search is failed
16:49:44.335 [main] INFO  testCases.TC_005_AddToCart - Launched Chrome Browser
16:49:44.607 [main] INFO  testCases.TC_005_AddToCart - TC_005_AddToCart is started
16:49:48.005 [main] INFO  testCases.TC_005_AddToCart - HomePage Displayed
16:49:50.393 [main] INFO  testCases.TC_005_AddToCart - Enter any Product
16:49:53.126 [main] INFO  testCases.TC_005_AddToCart - product is added to cart
16:49:55.229 [main] INFO  testCases.TC_005_AddToCart - product is added to viewcart
16:50:02.226 [main] INFO  testCases.TC_005_AddToCart - product added to view
16:50:12.498 [main] ERROR testCases.TC_005_AddToCart - product is not added to cart
16:56:42.714 [main] INFO  testCases.TC_005_AddToCart - Launched Chrome Browser
16:56:42.968 [main] INFO  testCases.TC_005_AddToCart - TC_005_AddToCart is started
16:56:47.068 [main] INFO  testCases.TC_005_AddToCart - HomePage Displayed
16:56:49.365 [main] INFO  testCases.TC_005_AddToCart - Enter any Product
16:56:52.831 [main] INFO  testCases.TC_005_AddToCart - product is added to cart
16:56:54.906 [main] INFO  testCases.TC_005_AddToCart - product is added to viewcart
16:57:01.508 [main] INFO  testCases.TC_005_AddToCart - product added to view
16:57:13.700 [main] ERROR testCases.TC_005_AddToCart - product is not added to cart
17:02:26.850 [main] INFO  testCases.TC_005_AddToCart - Launched Chrome Browser
17:02:27.755 [main] INFO  testCases.TC_005_AddToCart - TC_005_AddToCart is started
17:02:33.873 [main] INFO  testCases.TC_005_AddToCart - HomePage Displayed
17:02:37.489 [main] INFO  testCases.TC_005_AddToCart - Enter any Product
17:02:41.584 [main] INFO  testCases.TC_005_AddToCart - product is added to cart
17:02:43.899 [main] ERROR testCases.TC_005_AddToCart - product is not added to cart
17:04:47.749 [main] INFO  testCases.TC_005_AddToCart - Launched Chrome Browser
17:04:48.021 [main] INFO  testCases.TC_005_AddToCart - TC_005_AddToCart is started
17:04:51.443 [main] INFO  testCases.TC_005_AddToCart - HomePage Displayed
17:04:53.862 [main] INFO  testCases.TC_005_AddToCart - Enter any Product
17:04:56.623 [main] INFO  testCases.TC_005_AddToCart - product is added to cart
17:04:59.057 [main] ERROR testCases.TC_005_AddToCart - product is not added to cart
17:10:12.363 [main] INFO  testCases.TC_005_AddToCart - Launched Chrome Browser
17:10:12.550 [main] INFO  testCases.TC_005_AddToCart - TC_005_AddToCart is started
17:10:15.628 [main] INFO  testCases.TC_005_AddToCart - HomePage Displayed
17:10:17.857 [main] INFO  testCases.TC_005_AddToCart - Enter any Product
17:10:20.708 [main] INFO  testCases.TC_005_AddToCart - product is added to cart
17:10:22.764 [main] ERROR testCases.TC_005_AddToCart - product is not added to cart
17:13:22.272 [main] INFO  testCases.TC_005_AddToCart - Launched Chrome Browser
17:13:22.460 [main] INFO  testCases.TC_005_AddToCart - TC_005_AddToCart is started
17:13:26.152 [main] INFO  testCases.TC_005_AddToCart - HomePage Displayed
17:13:28.315 [main] INFO  testCases.TC_005_AddToCart - Enter any Product
17:13:31.027 [main] INFO  testCases.TC_005_AddToCart - product is added to cart
17:13:33.082 [main] ERROR testCases.TC_005_AddToCart - product is not added to cart
17:15:30.963 [main] INFO  testCases.TC_005_AddToCart - Launched Chrome Browser
17:15:31.159 [main] INFO  testCases.TC_005_AddToCart - TC_005_AddToCart is started
17:15:36.416 [main] INFO  testCases.TC_005_AddToCart - HomePage Displayed
17:15:38.679 [main] INFO  testCases.TC_005_AddToCart - Enter any Product
17:15:41.272 [main] INFO  testCases.TC_005_AddToCart - product is added to cart
17:15:45.316 [main] ERROR testCases.TC_005_AddToCart - product is not added to cart
17:41:02.593 [main] INFO  testCases.TC_005_AddToCart - Launched Chrome Browser
17:41:03.195 [main] INFO  testCases.TC_005_AddToCart - TC_005_AddToCart is started
17:41:13.025 [main] INFO  testCases.TC_005_AddToCart - HomePage Displayed
17:41:16.228 [main] INFO  testCases.TC_005_AddToCart - Enter any Product
17:41:19.079 [main] INFO  testCases.TC_005_AddToCart - product is added to cart
17:41:24.212 [main] ERROR testCases.TC_005_AddToCart - product is not added to cart
17:52:32.992 [main] INFO  testCases.TC_005_AddToCart - Launched Chrome Browser
17:52:33.274 [main] INFO  testCases.TC_005_AddToCart - TC_005_AddToCart is started
17:52:37.756 [main] INFO  testCases.TC_005_AddToCart - HomePage Displayed
17:52:39.973 [main] INFO  testCases.TC_005_AddToCart - Enter any Product
17:52:42.512 [main] INFO  testCases.TC_005_AddToCart - product is added to cart
17:52:44.558 [main] ERROR testCases.TC_005_AddToCart - product is not added to cart
18:24:02.375 [main] INFO  testCases.TC_005_AddToCart - Launched Chrome Browser
18:24:03.250 [main] INFO  testCases.TC_005_AddToCart - TC_005_AddToCart is started
18:24:11.253 [main] INFO  testCases.TC_005_AddToCart - HomePage Displayed
18:24:14.478 [main] INFO  testCases.TC_005_AddToCart - Enter any Product
18:24:17.382 [main] INFO  testCases.TC_005_AddToCart - product is added to cart
18:24:22.648 [main] ERROR testCases.TC_005_AddToCart - product is not added to cart
18:25:08.610 [main] INFO  testCases.TC_005_AddToCart - Launched Chrome Browser
18:25:08.787 [main] INFO  testCases.TC_005_AddToCart - TC_005_AddToCart is started
18:25:14.005 [main] INFO  testCases.TC_005_AddToCart - HomePage Displayed
18:25:16.151 [main] INFO  testCases.TC_005_AddToCart - Enter any Product
18:25:18.807 [main] INFO  testCases.TC_005_AddToCart - product is added to cart
18:25:26.867 [main] ERROR testCases.TC_005_AddToCart - product is not added to cart
12:43:29.949 [main] INFO  testCases.TC_005_AddToCart - Launched Chrome Browser
12:43:31.274 [main] INFO  testCases.TC_005_AddToCart - TC_005_AddToCart is started
12:43:54.326 [main] INFO  testCases.TC_005_AddToCart - HomePage Displayed
12:44:02.816 [main] INFO  testCases.TC_005_AddToCart - Enter any Product
12:44:10.970 [main] INFO  testCases.TC_005_AddToCart - product is added to cart
12:44:19.192 [main] ERROR testCases.TC_005_AddToCart - product is not added to cart
12:47:07.588 [main] INFO  testCases.TC_005_AddToCart - Launched Chrome Browser
12:47:08.126 [main] INFO  testCases.TC_005_AddToCart - TC_005_AddToCart is started
12:47:15.303 [main] INFO  testCases.TC_005_AddToCart - HomePage Displayed
12:47:18.429 [main] INFO  testCases.TC_005_AddToCart - Enter any Product
12:47:31.347 [main] FATAL testCases.TC_005_AddToCart - addtocart is failed
13:06:27.578 [main] INFO  testCases.TC_005_AddToCart - Launched Chrome Browser
13:06:27.849 [main] INFO  testCases.TC_005_AddToCart - TC_005_AddToCart is started
13:06:32.606 [main] INFO  testCases.TC_005_AddToCart - HomePage Displayed
13:06:35.034 [main] INFO  testCases.TC_005_AddToCart - Enter any Product
13:06:37.900 [main] INFO  testCases.TC_005_AddToCart - product is added to cart
13:06:42.070 [main] ERROR testCases.TC_005_AddToCart - product is not added to cart
13:10:28.148 [main] INFO  testCases.TC_005_AddToCart - Launched Chrome Browser
13:10:28.483 [main] INFO  testCases.TC_005_AddToCart - TC_005_AddToCart is started
13:10:31.839 [main] INFO  testCases.TC_005_AddToCart - HomePage Displayed
13:10:34.099 [main] INFO  testCases.TC_005_AddToCart - Enter any Product
13:10:36.924 [main] INFO  testCases.TC_005_AddToCart - product is added to cart
13:10:41.130 [main] ERROR testCases.TC_005_AddToCart - product is not added to cart
13:12:18.941 [main] INFO  testCases.TC_005_AddToCart - Launched Chrome Browser
13:12:19.148 [main] INFO  testCases.TC_005_AddToCart - TC_005_AddToCart is started
13:12:24.187 [main] INFO  testCases.TC_005_AddToCart - HomePage Displayed
13:12:26.860 [main] INFO  testCases.TC_005_AddToCart - Enter any Product
13:12:30.387 [main] INFO  testCases.TC_005_AddToCart - product is added to cart
13:12:34.750 [main] ERROR testCases.TC_005_AddToCart - product is not added to cart
13:18:39.553 [main] INFO  testCases.TC_005_AddToCart - Launched Chrome Browser
13:18:40.037 [main] INFO  testCases.TC_005_AddToCart - TC_005_AddToCart is started
13:18:45.725 [main] INFO  testCases.TC_005_AddToCart - HomePage Displayed
13:18:48.405 [main] INFO  testCases.TC_005_AddToCart - Enter any Product
13:19:01.418 [main] FATAL testCases.TC_005_AddToCart - addtocart is failed
13:23:04.482 [main] INFO  testCases.TC_005_AddToCart - Launched Chrome Browser
13:23:04.837 [main] INFO  testCases.TC_005_AddToCart - TC_005_AddToCart is started
13:23:16.758 [main] INFO  testCases.TC_005_AddToCart - HomePage Displayed
13:23:20.518 [main] INFO  testCases.TC_005_AddToCart - Enter any Product
13:23:34.068 [main] FATAL testCases.TC_005_AddToCart - addtocart is failed
17:31:58.493 [main] INFO  testCases.TC_005_AddToCart - Launched Chrome Browser
17:31:58.802 [main] INFO  testCases.TC_005_AddToCart - TC_005_AddToCart is started
17:32:02.004 [main] INFO  testCases.TC_005_AddToCart - HomePage Displayed
17:32:05.191 [main] INFO  testCases.TC_005_AddToCart - Enter any Product
17:32:08.609 [main] INFO  testCases.TC_005_AddToCart - product is added to cart
17:32:10.732 [main] ERROR testCases.TC_005_AddToCart - product is not added to cart
17:34:16.027 [main] INFO  testCases.TC_005_AddToCart - Launched Chrome Browser
17:34:16.233 [main] INFO  testCases.TC_005_AddToCart - TC_005_AddToCart is started
17:34:20.910 [main] INFO  testCases.TC_005_AddToCart - HomePage Displayed
17:34:23.085 [main] INFO  testCases.TC_005_AddToCart - Enter any Product
17:34:35.720 [main] FATAL testCases.TC_005_AddToCart - addtocart is failed
17:46:48.930 [main] INFO  testCases.TC_005_AddToCart - Launched Chrome Browser
17:46:49.267 [main] INFO  testCases.TC_005_AddToCart - TC_005_AddToCart is started
17:46:54.417 [main] INFO  testCases.TC_005_AddToCart - HomePage Displayed
17:46:57.261 [main] INFO  testCases.TC_005_AddToCart - Enter any Product
17:47:10.007 [main] FATAL testCases.TC_005_AddToCart - addtocart is failed
18:03:02.022 [main] INFO  testCases.TC_005_AddToCart - Launched Chrome Browser
18:03:02.458 [main] INFO  testCases.TC_005_AddToCart - TC_005_AddToCart is started
18:03:06.883 [main] INFO  testCases.TC_005_AddToCart - HomePage Displayed
18:03:09.920 [main] INFO  testCases.TC_005_AddToCart - Enter any Product
18:03:12.627 [main] INFO  testCases.TC_005_AddToCart - product is added to cart
18:03:17.831 [main] ERROR testCases.TC_005_AddToCart - product is not added to cart
18:29:16.612 [main] INFO  testCases.TC_005_AddToCart - Launched Chrome Browser
18:29:16.959 [main] INFO  testCases.TC_005_AddToCart - TC_005_AddToCart is started
18:29:22.286 [main] INFO  testCases.TC_005_AddToCart - HomePage Displayed
18:29:24.957 [main] INFO  testCases.TC_005_AddToCart - Enter any Product
18:29:31.136 [main] INFO  testCases.TC_005_AddToCart - product is added to cart
18:29:36.268 [main] INFO  testCases.TC_005_AddToCart - product added to viewcart
18:29:41.335 [main] INFO  testCases.TC_005_AddToCart - product added to view
18:29:51.464 [main] ERROR testCases.TC_005_AddToCart - product is not added to cart
18:32:48.595 [main] INFO  testCases.TC_005_AddToCart - Launched Chrome Browser
18:32:48.808 [main] INFO  testCases.TC_005_AddToCart - TC_005_AddToCart is started
18:32:56.253 [main] INFO  testCases.TC_005_AddToCart - HomePage Displayed
18:32:58.434 [main] INFO  testCases.TC_005_AddToCart - Enter any Product
18:33:04.753 [main] INFO  testCases.TC_005_AddToCart - product is added to cart
18:33:12.390 [main] INFO  testCases.TC_005_AddToCart - product added to viewcart
18:33:22.549 [main] FATAL testCases.TC_005_AddToCart - addtocart is failed
18:36:21.869 [main] INFO  testCases.TC_005_AddToCart - Launched Chrome Browser
18:36:22.057 [main] INFO  testCases.TC_005_AddToCart - TC_005_AddToCart is started
18:36:26.287 [main] INFO  testCases.TC_005_AddToCart - HomePage Displayed
18:36:28.470 [main] INFO  testCases.TC_005_AddToCart - Enter any Product
18:36:31.281 [main] INFO  testCases.TC_005_AddToCart - product is added to cart
18:36:36.362 [main] INFO  testCases.TC_005_AddToCart - product added to viewcart
18:36:41.177 [main] INFO  testCases.TC_005_AddToCart - product added to view
18:36:51.278 [main] ERROR testCases.TC_005_AddToCart - product is not added to cart
18:38:48.795 [main] INFO  testCases.TC_005_AddToCart - Launched Chrome Browser
18:38:48.967 [main] INFO  testCases.TC_005_AddToCart - TC_005_AddToCart is started
18:38:52.184 [main] INFO  testCases.TC_005_AddToCart - HomePage Displayed
18:38:54.383 [main] INFO  testCases.TC_005_AddToCart - Enter any Product
18:38:56.978 [main] INFO  testCases.TC_005_AddToCart - product is added to cart
18:39:02.059 [main] INFO  testCases.TC_005_AddToCart - product added to viewcart
18:39:07.095 [main] INFO  testCases.TC_005_AddToCart - product added to view
18:39:20.375 [main] ERROR testCases.TC_005_AddToCart - product is not added to cart
18:48:04.423 [main] INFO  testCases.TC_005_AddToCart - Launched Chrome Browser
18:48:04.933 [main] INFO  testCases.TC_005_AddToCart - TC_005_AddToCart is started
18:48:09.231 [main] INFO  testCases.TC_005_AddToCart - HomePage Displayed
18:48:11.677 [main] INFO  testCases.TC_005_AddToCart - Enter any Product
18:48:14.398 [main] INFO  testCases.TC_005_AddToCart - product is added to cart
18:48:19.503 [main] INFO  testCases.TC_005_AddToCart - product added to viewcart
18:48:24.388 [main] INFO  testCases.TC_005_AddToCart - product added to view
18:48:34.520 [main] ERROR testCases.TC_005_AddToCart - product is not added to cart
18:53:32.395 [main] INFO  testCases.TC_005_AddToCart - Launched Chrome Browser
18:53:32.577 [main] INFO  testCases.TC_005_AddToCart - TC_005_AddToCart is started
18:53:35.915 [main] INFO  testCases.TC_005_AddToCart - HomePage Displayed
18:53:38.059 [main] INFO  testCases.TC_005_AddToCart - Enter any Product
18:53:40.969 [main] INFO  testCases.TC_005_AddToCart - product is added to cart
18:53:46.070 [main] INFO  testCases.TC_005_AddToCart - product added to viewcart
18:53:50.906 [main] INFO  testCases.TC_005_AddToCart - product added to view
18:54:01.047 [main] ERROR testCases.TC_005_AddToCart - product is not added to cart
18:56:41.355 [main] INFO  testCases.TC_005_AddToCart - Launched Chrome Browser
18:56:41.544 [main] INFO  testCases.TC_005_AddToCart - TC_005_AddToCart is started
18:56:45.263 [main] INFO  testCases.TC_005_AddToCart - HomePage Displayed
18:56:47.421 [main] INFO  testCases.TC_005_AddToCart - Enter any Product
18:56:50.942 [main] INFO  testCases.TC_005_AddToCart - product is added to cart
18:56:56.336 [main] INFO  testCases.TC_005_AddToCart - product added to viewcart
18:57:03.050 [main] INFO  testCases.TC_005_AddToCart - product added to view
18:57:13.154 [main] ERROR testCases.TC_005_AddToCart - product is not added to cart
11:10:46.514 [main] INFO  testCases.TC_005_AddToCart - Launched Chrome Browser
11:10:47.202 [main] INFO  testCases.TC_005_AddToCart - TC_005_AddToCart is started
11:10:50.243 [main] FATAL testCases.TC_005_AddToCart - addtocart is failed
11:16:12.263 [main] INFO  testCases.TC_005_AddToCart - Launched Chrome Browser
11:16:12.580 [main] INFO  testCases.TC_005_AddToCart - TC_005_AddToCart is started
11:16:17.673 [main] INFO  testCases.TC_005_AddToCart - HomePage Displayed
11:16:20.277 [main] INFO  testCases.TC_005_AddToCart - Enter any Product
11:16:23.948 [main] INFO  testCases.TC_005_AddToCart - product is added to cart
11:16:29.045 [main] INFO  testCases.TC_005_AddToCart - product added to viewcart
11:16:39.210 [main] INFO  testCases.TC_005_AddToCart - product added to view
11:16:49.348 [main] ERROR testCases.TC_005_AddToCart - product is not added to cart
11:22:18.454 [main] INFO  testCases.TC_005_AddToCart - Launched Chrome Browser
11:22:18.659 [main] INFO  testCases.TC_005_AddToCart - TC_005_AddToCart is started
11:22:22.156 [main] INFO  testCases.TC_005_AddToCart - HomePage Displayed
11:22:25.381 [main] INFO  testCases.TC_005_AddToCart - Enter any Product
11:22:28.525 [main] INFO  testCases.TC_005_AddToCart - product is added to cart
