22:06:30.125 [main] INFO  testCases.TC_002_Login - Clicked on Login
22:06:40.465 [main] ERROR testCases.TC_002_Login - Login Failed 
22:21:01.706 [main] INFO  testCases.TC_002_Login - Launched Chrome Browser
22:21:02.209 [main] INFO  testCases.TC_002_Login - TC_002_Login is started
22:21:07.063 [main] INFO  testCases.TC_002_Login - HomePage Displayed
22:21:07.607 [main] INFO  testCases.TC_002_Login - Clicked on myAccount
22:21:09.178 [main] INFO  testCases.TC_002_Login - Clicked on Login
22:21:09.566 [main] INFO  testCases.TC_002_Login - Provided email
22:21:09.656 [main] INFO  testCases.TC_002_Login - Provided Password
22:21:11.386 [main] INFO  testCases.TC_002_Login - Clicked on Login
22:21:21.588 [main] ERROR testCases.TC_002_Login - Login Failed 
22:24:57.349 [main] INFO  testCases.TC_001_AccountRegistration - Launched Chrome Browser
22:24:57.579 [main] INFO  testCases.TC_001_AccountRegistration - Starting TC_001_AccountRegistration
22:25:07.412 [main] INFO  testCases.TC_001_AccountRegistration - Home Page displayed
22:25:07.506 [main] INFO  testCases.TC_001_AccountRegistration - Clicked on Myaccount
22:25:09.139 [main] INFO  testCases.TC_001_AccountRegistration - Clicked on Register
22:25:09.382 [main] INFO  testCases.TC_001_AccountRegistration - Provided First Name
22:25:09.537 [main] INFO  testCases.TC_001_AccountRegistration - Provided Last Name
22:25:09.699 [main] INFO  testCases.TC_001_AccountRegistration - Provided Email
22:25:09.831 [main] INFO  testCases.TC_001_AccountRegistration - Provided Telephone
22:25:09.924 [main] INFO  testCases.TC_001_AccountRegistration - Provided Password
22:25:10.022 [main] INFO  testCases.TC_001_AccountRegistration - Provided ConfirmPassword
22:25:10.108 [main] INFO  testCases.TC_001_AccountRegistration - Set Privacy Policy
22:25:12.890 [main] INFO  testCases.TC_001_AccountRegistration - Clicked on Continue
22:25:12.982 [main] INFO  testCases.TC_001_AccountRegistration - Account Registration Success
22:25:12.985 [main] INFO  testCases.TC_001_AccountRegistration - Finished TC_001_AccountRegistration
22:25:16.084 [main] INFO  testCases.TC_002_Login - Launched Chrome Browser
22:25:16.235 [main] INFO  testCases.TC_002_Login - TC_002_Login is started
22:25:26.096 [main] INFO  testCases.TC_002_Login - HomePage Displayed
22:25:26.182 [main] INFO  testCases.TC_002_Login - Clicked on myAccount
22:25:27.714 [main] INFO  testCases.TC_002_Login - Clicked on Login
22:25:27.959 [main] INFO  testCases.TC_002_Login - Provided email
22:25:28.059 [main] INFO  testCases.TC_002_Login - Provided Password
22:25:29.767 [main] INFO  testCases.TC_002_Login - Clicked on Login
22:25:40.107 [main] ERROR testCases.TC_002_Login - Login Failed 
22:30:06.860 [main] INFO  testCases.TC_002_Login - Launched Chrome Browser
22:30:07.078 [main] INFO  testCases.TC_002_Login - TC_002_Login is started
22:30:10.694 [main] INFO  testCases.TC_002_Login - HomePage Displayed
22:30:10.808 [main] INFO  testCases.TC_002_Login - Clicked on myAccount
22:30:12.409 [main] INFO  testCases.TC_002_Login - Clicked on Login
22:30:12.877 [main] INFO  testCases.TC_002_Login - Provided email
22:30:13.028 [main] INFO  testCases.TC_002_Login - Provided Password
22:30:14.807 [main] INFO  testCases.TC_002_Login - Clicked on Login
22:30:24.900 [main] ERROR testCases.TC_002_Login - Login Failed 
22:31:40.089 [main] INFO  testCases.TC_002_Login - Launched Edge Browser
22:31:40.595 [main] INFO  testCases.TC_002_Login - TC_002_Login is started
22:31:47.664 [main] INFO  testCases.TC_002_Login - HomePage Displayed
22:31:49.276 [main] INFO  testCases.TC_002_Login - Clicked on myAccount
22:31:51.007 [main] INFO  testCases.TC_002_Login - Clicked on Login
22:31:51.736 [main] INFO  testCases.TC_002_Login - Provided email
22:31:51.907 [main] INFO  testCases.TC_002_Login - Provided Password
22:31:53.878 [main] INFO  testCases.TC_002_Login - Clicked on Login
22:32:04.480 [main] ERROR testCases.TC_002_Login - Login Failed 
22:34:28.490 [main] INFO  testCases.TC_002_Login - Launched Chrome Browser
22:34:29.321 [main] INFO  testCases.TC_002_Login - TC_002_Login is started
22:34:33.948 [main] INFO  testCases.TC_002_Login - HomePage Displayed
22:34:34.517 [main] INFO  testCases.TC_002_Login - Clicked on myAccount
22:34:36.144 [main] INFO  testCases.TC_002_Login - Clicked on Login
22:34:36.477 [main] INFO  testCases.TC_002_Login - Provided email
22:34:36.647 [main] INFO  testCases.TC_002_Login - Provided Password
22:34:38.376 [main] INFO  testCases.TC_002_Login - Clicked on Login
22:34:48.760 [main] ERROR testCases.TC_002_Login - Login Failed 
09:10:11.078 [main] INFO  testCases.TC_002_Login - Launched Chrome Browser
09:10:11.374 [main] INFO  testCases.TC_002_Login - TC_002_Login is started
09:10:16.105 [main] INFO  testCases.TC_002_Login - HomePage Displayed
09:10:16.880 [main] INFO  testCases.TC_002_Login - Clicked on myAccount
09:10:18.410 [main] INFO  testCases.TC_002_Login - Clicked on Login
09:10:19.968 [main] INFO  testCases.TC_002_Login - Provided email
09:10:20.361 [main] INFO  testCases.TC_002_Login - Provided Password
09:10:22.322 [main] INFO  testCases.TC_002_Login - Clicked on Login
09:10:32.460 [main] ERROR testCases.TC_002_Login - Login Failed 
09:19:22.241 [main] INFO  testCases.TC_002_Login - Launched Chrome Browser
09:19:22.657 [main] INFO  testCases.TC_002_Login - TC_002_Login is started
09:19:26.466 [main] INFO  testCases.TC_002_Login - HomePage Displayed
09:19:27.560 [main] INFO  testCases.TC_002_Login - Clicked on myAccount
09:19:29.139 [main] INFO  testCases.TC_002_Login - Clicked on Login
09:19:29.609 [main] INFO  testCases.TC_002_Login - Provided email
09:19:29.761 [main] INFO  testCases.TC_002_Login - Provided Password
09:19:31.448 [main] INFO  testCases.TC_002_Login - Clicked on Login
09:19:41.663 [main] ERROR testCases.TC_002_Login - Login Failed 
09:25:02.064 [main] INFO  testCases.TC_002_Login - Launched Chrome Browser
09:25:02.536 [main] INFO  testCases.TC_002_Login - TC_002_Login is started
09:25:09.477 [main] INFO  testCases.TC_002_Login - HomePage Displayed
09:25:09.585 [main] INFO  testCases.TC_002_Login - Clicked on myAccount
09:25:11.009 [main] INFO  testCases.TC_002_Login - Clicked on Login
09:25:11.155 [main] INFO  testCases.TC_002_Login - Provided email
09:25:11.241 [main] INFO  testCases.TC_002_Login - Provided Password
09:25:12.775 [main] INFO  testCases.TC_002_Login - Clicked on Login
09:27:35.043 [main] INFO  testCases.TC_002_Login - Launched Chrome Browser
09:27:35.285 [main] INFO  testCases.TC_002_Login - TC_002_Login is started
09:27:42.249 [main] INFO  testCases.TC_002_Login - HomePage Displayed
09:27:42.386 [main] INFO  testCases.TC_002_Login - Clicked on myAccount
09:27:43.780 [main] INFO  testCases.TC_002_Login - Clicked on Login
09:27:43.924 [main] INFO  testCases.TC_002_Login - Provided email
09:27:44.050 [main] INFO  testCases.TC_002_Login - Provided Password
09:27:50.977 [main] INFO  testCases.TC_002_Login - Clicked on Login
09:49:16.663 [main] INFO  testCases.TC_002_Login - Launched Chrome Browser
09:49:16.944 [main] INFO  testCases.TC_002_Login - TC_002_Login is started
09:49:24.703 [main] INFO  testCases.TC_002_Login - HomePage Displayed
09:49:25.545 [main] INFO  testCases.TC_002_Login - Clicked on myAccount
09:49:27.019 [main] INFO  testCases.TC_002_Login - Clicked on Login
09:49:27.585 [main] INFO  testCases.TC_002_Login - Provided email
09:49:27.707 [main] INFO  testCases.TC_002_Login - Provided Password
09:49:35.080 [main] INFO  testCases.TC_002_Login - Clicked on Login
09:49:45.207 [main] ERROR testCases.TC_002_Login - Login Failed
09:52:01.372 [main] INFO  testCases.TC_002_Login - Launched Chrome Browser
09:52:01.547 [main] INFO  testCases.TC_002_Login - TC_002_Login is started
09:52:07.522 [main] INFO  testCases.TC_002_Login - HomePage Displayed
09:52:07.624 [main] INFO  testCases.TC_002_Login - Clicked on myAccount
09:52:09.026 [main] INFO  testCases.TC_002_Login - Clicked on Login
09:52:09.154 [main] INFO  testCases.TC_002_Login - Provided email
09:52:09.246 [main] INFO  testCases.TC_002_Login - Provided Password
09:52:15.852 [main] INFO  testCases.TC_002_Login - Clicked on Login
09:52:25.923 [main] INFO  testCases.TC_002_Login - Login Failed
10:02:02.880 [main] INFO  testCases.TC_002_Login - Launched Chrome Browser
10:02:03.127 [main] INFO  testCases.TC_002_Login - TC_002_Login is started
10:02:06.427 [main] INFO  testCases.TC_002_Login - HomePage Displayed
10:02:06.527 [main] INFO  testCases.TC_002_Login - Clicked on myAccount
10:02:07.842 [main] INFO  testCases.TC_002_Login - Clicked on Login
10:02:08.000 [main] INFO  testCases.TC_002_Login - Provided email
10:02:08.138 [main] INFO  testCases.TC_002_Login - Provided Password
10:02:14.861 [main] INFO  testCases.TC_002_Login - Clicked on Login
10:02:24.924 [main] ERROR testCases.TC_002_Login - Login Failed
11:16:19.372 [main] INFO  testCases.TC_002_Login - Launched Chrome Browser
11:16:19.778 [main] INFO  testCases.TC_002_Login - TC_002_Login is started
11:16:25.415 [main] INFO  testCases.TC_002_Login - HomePage Displayed
11:16:25.890 [main] INFO  testCases.TC_002_Login - Clicked on myAccount
11:16:27.480 [main] INFO  testCases.TC_002_Login - Clicked on Login
11:16:28.453 [main] INFO  testCases.TC_002_Login - Provided email
11:16:28.699 [main] INFO  testCases.TC_002_Login - Provided Password
11:16:35.643 [main] INFO  testCases.TC_002_Login - Clicked on Login
11:16:45.952 [main] ERROR testCases.TC_002_Login - Login Failed
11:27:34.762 [main] INFO  testCases.TC_002_Login - Launched Chrome Browser
11:27:35.136 [main] INFO  testCases.TC_002_Login - TC_002_Login is started
11:27:38.925 [main] INFO  testCases.TC_002_Login - HomePage Displayed
11:27:39.620 [main] INFO  testCases.TC_002_Login - Clicked on myAccount
11:27:41.091 [main] INFO  testCases.TC_002_Login - Clicked on Login
11:27:41.581 [main] INFO  testCases.TC_002_Login - Provided email
11:27:41.817 [main] INFO  testCases.TC_002_Login - Provided Password
11:27:50.355 [main] INFO  testCases.TC_002_Login - Clicked on Login
11:28:00.661 [main] ERROR testCases.TC_002_Login - Login Failed
11:34:08.176 [main] INFO  testCases.TC_002_Login - Launched Chrome Browser
11:34:08.503 [main] INFO  testCases.TC_002_Login - TC_002_Login is started
11:34:11.924 [main] INFO  testCases.TC_002_Login - HomePage Displayed
11:34:12.391 [main] INFO  testCases.TC_002_Login - Clicked on myAccount
11:34:13.830 [main] INFO  testCases.TC_002_Login - Clicked on Login
11:34:14.333 [main] INFO  testCases.TC_002_Login - Provided email
11:34:14.440 [main] INFO  testCases.TC_002_Login - Provided Password
11:34:21.082 [main] INFO  testCases.TC_002_Login - Clicked on Login
11:34:31.258 [main] ERROR testCases.TC_002_Login - Login Failed
11:34:31.790 [main] FATAL testCases.TC_002_Login - Login Failed
11:34:31.790 [main] INFO  testCases.TC_002_Login - Finished TC_002_Login
11:38:21.989 [main] INFO  testCases.TC_002_Login - Launched Chrome Browser
11:38:22.984 [main] INFO  testCases.TC_002_Login - TC_002_Login is started
11:38:29.282 [main] INFO  testCases.TC_002_Login - HomePage Displayed
11:38:30.849 [main] INFO  testCases.TC_002_Login - Clicked on myAccount
11:38:32.706 [main] INFO  testCases.TC_002_Login - Clicked on Login
11:38:33.924 [main] INFO  testCases.TC_002_Login - Provided email
11:38:34.182 [main] INFO  testCases.TC_002_Login - Provided Password
11:38:41.153 [main] INFO  testCases.TC_002_Login - Clicked on Login
11:38:51.756 [main] ERROR testCases.TC_002_Login - Login Failed
11:38:54.262 [main] FATAL testCases.TC_002_Login - Login Failed
11:38:54.262 [main] INFO  testCases.TC_002_Login - Finished TC_002_Login
11:48:40.599 [main] INFO  testCases.TC_002_Login - Launched Chrome Browser
11:48:40.815 [main] INFO  testCases.TC_002_Login - TC_002_Login is started
11:48:48.954 [main] INFO  testCases.TC_002_Login - HomePage Displayed
11:48:49.114 [main] INFO  testCases.TC_002_Login - Clicked on myAccount
11:48:50.915 [main] INFO  testCases.TC_002_Login - Clicked on Login
11:48:51.867 [main] INFO  testCases.TC_002_Login - Provided email
11:48:52.035 [main] INFO  testCases.TC_002_Login - Provided Password
11:48:58.692 [main] INFO  testCases.TC_002_Login - Clicked on Login
11:49:13.829 [main] ERROR testCases.TC_002_Login - Login Failed
11:50:36.993 [main] INFO  testCases.TC_002_Login - Launched Chrome Browser
11:50:37.162 [main] INFO  testCases.TC_002_Login - TC_002_Login is started
11:50:41.317 [main] INFO  testCases.TC_002_Login - HomePage Displayed
11:50:41.443 [main] INFO  testCases.TC_002_Login - Clicked on myAccount
11:50:42.756 [main] INFO  testCases.TC_002_Login - Clicked on Login
11:50:42.912 [main] INFO  testCases.TC_002_Login - Provided email
11:50:43.023 [main] INFO  testCases.TC_002_Login - Provided Password
11:50:44.581 [main] INFO  testCases.TC_002_Login - Clicked on Login
11:50:59.838 [main] ERROR testCases.TC_002_Login - Login Failed
11:52:03.009 [main] INFO  testCases.TC_002_Login - Launched Chrome Browser
11:52:03.192 [main] INFO  testCases.TC_002_Login - TC_002_Login is started
11:52:08.939 [main] INFO  testCases.TC_002_Login - HomePage Displayed
11:52:09.126 [main] INFO  testCases.TC_002_Login - Clicked on myAccount
11:52:10.510 [main] INFO  testCases.TC_002_Login - Clicked on Login
11:52:10.666 [main] INFO  testCases.TC_002_Login - Provided email
11:52:10.803 [main] INFO  testCases.TC_002_Login - Provided Password
11:52:12.370 [main] INFO  testCases.TC_002_Login - Clicked on Login
11:52:22.419 [main] ERROR testCases.TC_002_Login - Login Failed
12:06:12.677 [main] INFO  testCases.TC_002_Login - Launched Chrome Browser
12:06:13.161 [main] INFO  testCases.TC_002_Login - TC_002_Login is started
12:06:18.679 [main] INFO  testCases.TC_002_Login - HomePage Displayed
12:06:19.559 [main] INFO  testCases.TC_002_Login - Clicked on myAccount
12:06:21.205 [main] INFO  testCases.TC_002_Login - Clicked on Login
12:06:21.735 [main] INFO  testCases.TC_002_Login - Provided email
12:06:22.047 [main] INFO  testCases.TC_002_Login - Provided Password
12:06:24.109 [main] INFO  testCases.TC_002_Login - Clicked on Login
12:06:39.353 [main] ERROR testCases.TC_002_Login - Login Failed
12:07:36.009 [main] INFO  testCases.TC_002_Login - Launched Chrome Browser
12:07:36.894 [main] INFO  testCases.TC_002_Login - TC_002_Login is started
12:07:41.675 [main] INFO  testCases.TC_002_Login - HomePage Displayed
12:07:42.285 [main] INFO  testCases.TC_002_Login - Clicked on myAccount
12:07:43.765 [main] INFO  testCases.TC_002_Login - Clicked on Login
12:07:44.096 [main] INFO  testCases.TC_002_Login - Provided email
12:07:44.210 [main] INFO  testCases.TC_002_Login - Provided Password
12:07:46.968 [main] INFO  testCases.TC_002_Login - Clicked on Login
12:07:52.173 [main] INFO  testCases.TC_002_Login - Login Success
12:07:52.233 [main] INFO  testCases.TC_002_Login - Finished TC_002_Login
17:51:45.086 [main] INFO  testCases.TC_003_LoginDDT - Launched Chrome Browser
17:51:53.508 [main] INFO  testCases.TC_003_LoginDDT - Starting TC_003_LoginDDT
17:51:58.378 [main] INFO  testCases.TC_003_LoginDDT - HomePage Displayed
17:51:58.802 [main] INFO  testCases.TC_003_LoginDDT - Clicked on MyAccount
17:52:00.367 [main] INFO  testCases.TC_003_LoginDDT - Clicked on Login
17:52:00.715 [main] INFO  testCases.TC_003_LoginDDT - Provided email
17:52:00.802 [main] INFO  testCases.TC_003_LoginDDT - Provided Password
17:52:03.993 [main] INFO  testCases.TC_003_LoginDDT - clicked on login
17:52:04.129 [main] INFO  testCases.TC_003_LoginDDT - Login is successful
17:52:06.692 [main] INFO  testCases.TC_003_LoginDDT -  Finished TC_003_LoginDDT 
17:52:07.051 [main] INFO  testCases.TC_003_LoginDDT - Starting TC_003_LoginDDT
17:52:08.429 [main] INFO  testCases.TC_003_LoginDDT - HomePage Displayed
17:52:08.527 [main] INFO  testCases.TC_003_LoginDDT - Clicked on MyAccount
17:52:10.072 [main] INFO  testCases.TC_003_LoginDDT - Clicked on Login
17:52:10.258 [main] INFO  testCases.TC_003_LoginDDT - Provided email
17:52:10.355 [main] INFO  testCases.TC_003_LoginDDT - Provided Password
17:52:12.024 [main] INFO  testCases.TC_003_LoginDDT - clicked on login
17:52:22.203 [main] ERROR testCases.TC_003_LoginDDT - Login is Failed
17:52:22.203 [main] INFO  testCases.TC_003_LoginDDT -  Finished TC_003_LoginDDT 
17:52:22.207 [main] INFO  testCases.TC_003_LoginDDT - Starting TC_003_LoginDDT
17:52:23.953 [main] INFO  testCases.TC_003_LoginDDT - HomePage Displayed
17:52:24.034 [main] INFO  testCases.TC_003_LoginDDT - Clicked on MyAccount
17:52:25.453 [main] INFO  testCases.TC_003_LoginDDT - Clicked on Login
17:52:25.583 [main] INFO  testCases.TC_003_LoginDDT - Provided email
17:52:25.715 [main] INFO  testCases.TC_003_LoginDDT - Provided Password
17:52:27.306 [main] INFO  testCases.TC_003_LoginDDT - clicked on login
17:52:37.331 [main] ERROR testCases.TC_003_LoginDDT - Login is Failed
17:52:37.331 [main] INFO  testCases.TC_003_LoginDDT -  Finished TC_003_LoginDDT 
17:52:37.335 [main] INFO  testCases.TC_003_LoginDDT - Starting TC_003_LoginDDT
17:52:38.934 [main] INFO  testCases.TC_003_LoginDDT - HomePage Displayed
17:52:39.098 [main] INFO  testCases.TC_003_LoginDDT - Clicked on MyAccount
17:52:40.498 [main] INFO  testCases.TC_003_LoginDDT - Clicked on Login
17:52:40.637 [main] INFO  testCases.TC_003_LoginDDT - Provided email
17:52:40.731 [main] INFO  testCases.TC_003_LoginDDT - Provided Password
17:52:42.420 [main] INFO  testCases.TC_003_LoginDDT - clicked on login
17:52:52.469 [main] ERROR testCases.TC_003_LoginDDT - Login is Failed
17:52:52.469 [main] INFO  testCases.TC_003_LoginDDT -  Finished TC_003_LoginDDT 
17:17:27.410 [main] INFO  testCases.TC_001_AccountRegistration - Launched Chrome Browser
17:17:27.745 [main] INFO  testCases.TC_001_AccountRegistration - Starting TC_001_AccountRegistration
17:17:31.721 [main] INFO  testCases.TC_001_AccountRegistration - Home Page displayed
17:17:32.212 [main] INFO  testCases.TC_001_AccountRegistration - Clicked on Myaccount
17:17:33.858 [main] INFO  testCases.TC_001_AccountRegistration - Clicked on Register
17:17:34.053 [main] INFO  testCases.TC_001_AccountRegistration - Provided First Name
17:17:34.159 [main] INFO  testCases.TC_001_AccountRegistration - Provided Last Name
17:17:34.320 [main] INFO  testCases.TC_001_AccountRegistration - Provided Email
17:17:34.431 [main] INFO  testCases.TC_001_AccountRegistration - Provided Telephone
17:17:34.509 [main] INFO  testCases.TC_001_AccountRegistration - Provided Password
17:17:34.584 [main] INFO  testCases.TC_001_AccountRegistration - Provided ConfirmPassword
17:17:34.644 [main] INFO  testCases.TC_001_AccountRegistration - Set Privacy Policy
17:17:37.622 [main] INFO  testCases.TC_001_AccountRegistration - Clicked on Continue
17:17:37.767 [main] INFO  testCases.TC_001_AccountRegistration - Account Registration Success
17:17:37.844 [main] INFO  testCases.TC_001_AccountRegistration - Finished TC_001_AccountRegistration
17:17:42.291 [main] INFO  testCases.TC_002_Login - Launched Chrome Browser
17:17:42.437 [main] INFO  testCases.TC_002_Login - TC_002_Login is started
17:17:46.547 [main] INFO  testCases.TC_002_Login - HomePage Displayed
17:17:46.624 [main] INFO  testCases.TC_002_Login - Clicked on myAccount
17:17:47.954 [main] INFO  testCases.TC_002_Login - Clicked on Login
17:17:48.181 [main] INFO  testCases.TC_002_Login - Provided email
17:17:48.319 [main] INFO  testCases.TC_002_Login - Provided Password
17:17:50.873 [main] INFO  testCases.TC_002_Login - Clicked on Login
17:17:56.083 [main] INFO  testCases.TC_002_Login - Login Success
17:17:56.084 [main] INFO  testCases.TC_002_Login - Finished TC_002_Login
20:37:38.698 [main] INFO  testCases.TC_001_AccountRegistration - Launched Chrome Browser
20:37:39.010 [main] INFO  testCases.TC_001_AccountRegistration - Starting TC_001_AccountRegistration
20:37:46.461 [main] INFO  testCases.TC_001_AccountRegistration - Home Page displayed
20:37:47.348 [main] INFO  testCases.TC_001_AccountRegistration - Clicked on Myaccount
20:37:50.379 [main] INFO  testCases.TC_001_AccountRegistration - Clicked on Register
20:37:52.782 [main] INFO  testCases.TC_001_AccountRegistration - Provided First Name
20:37:53.058 [main] INFO  testCases.TC_001_AccountRegistration - Provided Last Name
20:37:53.194 [main] INFO  testCases.TC_001_AccountRegistration - Provided Email
20:37:53.294 [main] INFO  testCases.TC_001_AccountRegistration - Provided Telephone
20:37:53.390 [main] INFO  testCases.TC_001_AccountRegistration - Provided Password
20:37:53.666 [main] INFO  testCases.TC_001_AccountRegistration - Provided ConfirmPassword
20:37:53.825 [main] INFO  testCases.TC_001_AccountRegistration - Set Privacy Policy
20:37:56.895 [main] INFO  testCases.TC_001_AccountRegistration - Clicked on Continue
20:37:57.133 [main] INFO  testCases.TC_001_AccountRegistration - Account Registration Success
20:37:57.293 [main] INFO  testCases.TC_001_AccountRegistration - Finished TC_001_AccountRegistration
20:38:04.881 [main] INFO  testCases.TC_002_Login - Launched Chrome Browser
20:38:05.035 [main] INFO  testCases.TC_002_Login - TC_002_Login is started
20:38:10.679 [main] INFO  testCases.TC_002_Login - HomePage Displayed
20:38:10.762 [main] INFO  testCases.TC_002_Login - Clicked on myAccount
20:38:12.119 [main] INFO  testCases.TC_002_Login - Clicked on Login
20:38:12.450 [main] INFO  testCases.TC_002_Login - Provided email
20:38:12.604 [main] INFO  testCases.TC_002_Login - Provided Password
20:38:15.627 [main] INFO  testCases.TC_002_Login - Clicked on Login
20:38:21.048 [main] INFO  testCases.TC_002_Login - Login Success
20:38:21.048 [main] INFO  testCases.TC_002_Login - Finished TC_002_Login
20:40:33.595 [main] INFO  testCases.TC_001_AccountRegistration - Launched Chrome Browser
20:40:33.803 [main] INFO  testCases.TC_001_AccountRegistration - Starting TC_001_AccountRegistration
20:40:40.923 [main] INFO  testCases.TC_001_AccountRegistration - Home Page displayed
20:40:41.156 [main] INFO  testCases.TC_001_AccountRegistration - Clicked on Myaccount
20:40:42.776 [main] INFO  testCases.TC_001_AccountRegistration - Clicked on Register
20:40:42.937 [main] INFO  testCases.TC_001_AccountRegistration - Provided First Name
20:40:43.213 [main] INFO  testCases.TC_001_AccountRegistration - Provided Last Name
20:40:43.328 [main] INFO  testCases.TC_001_AccountRegistration - Provided Email
20:40:43.416 [main] INFO  testCases.TC_001_AccountRegistration - Provided Telephone
20:40:43.497 [main] INFO  testCases.TC_001_AccountRegistration - Provided Password
20:40:43.601 [main] INFO  testCases.TC_001_AccountRegistration - Provided ConfirmPassword
20:40:43.676 [main] INFO  testCases.TC_001_AccountRegistration - Set Privacy Policy
20:40:46.162 [main] INFO  testCases.TC_001_AccountRegistration - Clicked on Continue
20:40:46.259 [main] INFO  testCases.TC_001_AccountRegistration - Account Registration Success
20:40:46.288 [main] INFO  testCases.TC_001_AccountRegistration - Finished TC_001_AccountRegistration
20:40:49.968 [main] INFO  testCases.TC_002_Login - Launched Chrome Browser
20:40:50.172 [main] INFO  testCases.TC_002_Login - TC_002_Login is started
20:40:54.887 [main] INFO  testCases.TC_002_Login - HomePage Displayed
20:40:54.966 [main] INFO  testCases.TC_002_Login - Clicked on myAccount
20:40:56.298 [main] INFO  testCases.TC_002_Login - Clicked on Login
20:40:56.464 [main] INFO  testCases.TC_002_Login - Provided email
20:40:56.584 [main] INFO  testCases.TC_002_Login - Provided Password
20:40:59.353 [main] INFO  testCases.TC_002_Login - Clicked on Login
20:41:04.411 [main] INFO  testCases.TC_002_Login - Login Success
20:41:04.412 [main] INFO  testCases.TC_002_Login - Finished TC_002_Login
12:51:59.760 [main] INFO  testCases.TC_001_AccountRegistration - Launched Chrome Browser
12:52:00.144 [main] INFO  testCases.TC_001_AccountRegistration - Starting TC_001_AccountRegistration
12:52:05.735 [main] INFO  testCases.TC_001_AccountRegistration - Home Page displayed
12:52:06.235 [main] INFO  testCases.TC_001_AccountRegistration - Clicked on Myaccount
12:52:08.223 [main] INFO  testCases.TC_001_AccountRegistration - Clicked on Register
12:52:08.674 [main] INFO  testCases.TC_001_AccountRegistration - Provided First Name
12:52:08.779 [main] INFO  testCases.TC_001_AccountRegistration - Provided Last Name
12:52:08.915 [main] INFO  testCases.TC_001_AccountRegistration - Provided Email
12:52:09.021 [main] INFO  testCases.TC_001_AccountRegistration - Provided Telephone
12:52:09.140 [main] INFO  testCases.TC_001_AccountRegistration - Provided Password
12:52:09.390 [main] INFO  testCases.TC_001_AccountRegistration - Provided ConfirmPassword
12:52:09.459 [main] INFO  testCases.TC_001_AccountRegistration - Set Privacy Policy
12:52:12.286 [main] INFO  testCases.TC_001_AccountRegistration - Clicked on Continue
12:52:12.346 [main] INFO  testCases.TC_001_AccountRegistration - Account Registration Success
12:52:12.377 [main] INFO  testCases.TC_001_AccountRegistration - Finished TC_001_AccountRegistration
12:52:17.923 [main] INFO  testCases.TC_002_Login - Launched Chrome Browser
12:52:18.056 [main] INFO  testCases.TC_002_Login - TC_002_Login is started
12:52:24.164 [main] INFO  testCases.TC_002_Login - HomePage Displayed
12:52:24.472 [main] INFO  testCases.TC_002_Login - Clicked on myAccount
12:52:25.959 [main] INFO  testCases.TC_002_Login - Clicked on Login
12:52:26.417 [main] INFO  testCases.TC_002_Login - Provided email
12:52:26.520 [main] INFO  testCases.TC_002_Login - Provided Password
12:52:29.286 [main] INFO  testCases.TC_002_Login - Clicked on Login
12:52:34.413 [main] INFO  testCases.TC_002_Login - Login Success
12:52:34.413 [main] INFO  testCases.TC_002_Login - Finished TC_002_Login
13:15:37.543 [main] INFO  testCases.TC_001_AccountRegistration - Launched Chrome Browser
13:15:37.841 [main] INFO  testCases.TC_001_AccountRegistration - Starting TC_001_AccountRegistration
13:15:43.488 [main] INFO  testCases.TC_001_AccountRegistration - Home Page displayed
13:15:45.257 [main] INFO  testCases.TC_001_AccountRegistration - Clicked on Myaccount
13:15:48.992 [main] INFO  testCases.TC_001_AccountRegistration - Clicked on Register
13:15:50.464 [main] INFO  testCases.TC_001_AccountRegistration - Provided First Name
13:15:50.640 [main] INFO  testCases.TC_001_AccountRegistration - Provided Last Name
13:15:50.779 [main] INFO  testCases.TC_001_AccountRegistration - Provided Email
13:15:51.075 [main] INFO  testCases.TC_001_AccountRegistration - Provided Telephone
13:15:51.207 [main] INFO  testCases.TC_001_AccountRegistration - Provided Password
13:15:51.734 [main] INFO  testCases.TC_001_AccountRegistration - Provided ConfirmPassword
13:15:51.863 [main] INFO  testCases.TC_001_AccountRegistration - Set Privacy Policy
13:15:55.329 [main] INFO  testCases.TC_001_AccountRegistration - Clicked on Continue
13:15:55.976 [main] INFO  testCases.TC_001_AccountRegistration - Account Registration Success
13:15:56.004 [main] INFO  testCases.TC_001_AccountRegistration - Finished TC_001_AccountRegistration
13:16:01.928 [main] INFO  testCases.TC_002_Login - Launched Chrome Browser
13:16:02.068 [main] INFO  testCases.TC_002_Login - TC_002_Login is started
13:16:06.756 [main] INFO  testCases.TC_002_Login - HomePage Displayed
13:16:06.866 [main] INFO  testCases.TC_002_Login - Clicked on myAccount
13:16:08.312 [main] INFO  testCases.TC_002_Login - Clicked on Login
13:16:08.509 [main] INFO  testCases.TC_002_Login - Provided email
13:16:08.655 [main] INFO  testCases.TC_002_Login - Provided Password
13:16:11.210 [main] INFO  testCases.TC_002_Login - Clicked on Login
13:16:16.437 [main] INFO  testCases.TC_002_Login - Login Success
13:16:16.437 [main] INFO  testCases.TC_002_Login - Finished TC_002_Login
